{"level":"error","ts":1748647276.1075628,"caller":"state/state.go:44","msg":"–û—à–∏–±–∫–∞, Redis –Ω–µ –±—ã–ª –∏–Ω–∏—Ü–∏–∞–ª–∏–∑–∏—Ä–æ–≤–∞–Ω"}
{"level":"error","ts":1748647276.1095073,"caller":"state/state.go:55","msg":"–¢–∞–∫–æ–π –∑–∞–ø–∏—Å–∏ –≤ Redis –Ω–µ —Å—É—â–µ—Å—Ç–≤—É–µ—Ç","error":"redis: nil"}
{"level":"error","ts":1748710377.34581,"caller":"state/state.go:55","msg":"–¢–∞–∫–æ–π –∑–∞–ø–∏—Å–∏ –≤ Redis –Ω–µ —Å—É—â–µ—Å—Ç–≤—É–µ—Ç","error":"redis: nil"}
{"level":"error","ts":1748710382.412324,"caller":"bot/bot.go:175","msg":"–û—à–∏–±–∫–∞ –ø—Ä–∏ –ø–æ–ø—ã—Ç–∫–µ –ø—Ä–µ–æ–±—Ä–∞–∑–æ–≤–∞—Ç—å —Å–æ–æ–±—â–µ–Ω–∏–µ –ø–æ–ª—å–∑–æ–≤–∞—Ç–µ–ª—è –≤ integer"}
{"level":"error","ts":1748710385.4200056,"caller":"bot/bot.go:175","msg":"–û—à–∏–±–∫–∞ –ø—Ä–∏ –ø–æ–ø—ã—Ç–∫–µ –ø—Ä–µ–æ–±—Ä–∞–∑–æ–≤–∞—Ç—å —Å–æ–æ–±—â–µ–Ω–∏–µ –ø–æ–ª—å–∑–æ–≤–∞—Ç–µ–ª—è –≤ integer"}
{"level":"error","ts":1748710385.8256147,"caller":"bot/bot.go:175","msg":"–û—à–∏–±–∫–∞ –ø—Ä–∏ –ø–æ–ø—ã—Ç–∫–µ –ø—Ä–µ–æ–±—Ä–∞–∑–æ–≤–∞—Ç—å —Å–æ–æ–±—â–µ–Ω–∏–µ –ø–æ–ª—å–∑–æ–≤–∞—Ç–µ–ª—è –≤ integer"}
{"level":"error","ts":1748710386.444957,"caller":"bot/bot.go:175","msg":"–û—à–∏–±–∫–∞ –ø—Ä–∏ –ø–æ–ø—ã—Ç–∫–µ –ø—Ä–µ–æ–±—Ä–∞–∑–æ–≤–∞—Ç—å —Å–æ–æ–±—â–µ–Ω–∏–µ –ø–æ–ª—å–∑–æ–≤–∞—Ç–µ–ª—è –≤ integer"}
{"level":"error","ts":1748713999.5827165,"caller":"utils/utils.go:81","msg":"–û—à–∏–±–∫–∞ –ø—Ä–∏ –ø–æ–ø—ã—Ç–∫–µ —É–¥–∞–ª–∏—Ç—å check-—Å–æ–æ–±—â–µ–Ω–∏–µ","error":"telegram: message to delete not found (400)"}
ø–∏—Å–∏ –≤ Redis –Ω–µ —Å—É—â–µ—Å—Ç–≤—É–µ—Ç","error":"redis: nil"}
{"level":"error","ts":1747525513.870823,"caller":"state/state.go:55","msg":"–¢–∞–∫–æ–π –∑–∞–ø–∏—Å–∏ –≤ Redis –Ω–µ —Å—É—â–µ—Å—Ç–≤—É–µ—Ç","error":"redis: nil"}
{"level":"error","ts":1747525513.8708403,"caller":"state/state.go:55","msg":"–¢–∞–∫–æ–π –∑–∞–ø–∏—Å–∏ –≤ Redis –Ω–µ —Å—É—â–µ—Å—Ç–≤—É–µ—Ç","error":"redis: nil"}
{"level":"error","ts":1747525513.8708725,"caller":"state/state.go:55","msg":"–¢–∞–∫–æ–π –∑–∞–ø–∏—Å–∏ –≤ Redis –Ω–µ —Å—É—â–µ—Å—Ç–≤—É–µ—Ç","error":"redis: nil"}
{"level":"error","ts":1747525513.870901,"caller":"state/state.go:55","msg":"–¢–∞–∫–æ–π –∑–∞–ø–∏—Å–∏ –≤ Redis –Ω–µ —Å—É—â–µ—Å—Ç–≤—É–µ—Ç","error":"redis: nil"}
{"level":"error","ts":1747525513.8708797,"caller":"state/state.go:55","msg":"–¢–∞–∫–æ–π –∑–∞–ø–∏—Å–∏ –≤ Redis –Ω–µ —Å—É—â–µ—Å—Ç–≤—É–µ—Ç","error":"redis: nil"}
{"level":"error","ts":1747525513.8708615,"caller":"state/state.go:55","msg":"–¢–∞–∫–æ–π –∑–∞–ø–∏—Å–∏ –≤ Redis –Ω–µ —Å—É—â–µ—Å—Ç–≤—É–µ—Ç","error":"redis: nil"}
{"level":"error","ts":1747525513.8715973,"caller":"state/state.go:55","msg":"–¢–∞–∫–æ–π –∑–∞–ø–∏—Å–∏ –≤ Redis –Ω–µ —Å—É—â–µ—Å—Ç–≤—É–µ—Ç","error":"redis: nil"}
{"level":"error","ts":1747525513.870907,"caller":"state/state.go:55","msg":"–¢–∞–∫–æ–π –∑–∞–ø–∏—Å–∏ –≤ Redis –Ω–µ —Å—É—â–µ—Å—Ç–≤—É–µ—Ç","error":"redis: nil"}
{"level":"error","ts":1747525513.8719585,"caller":"state/state.go:55","msg":"–¢–∞–∫–æ–π –∑–∞–ø–∏—Å–∏ –≤ Redis –Ω–µ —Å—É—â–µ—Å—Ç–≤—É–µ—Ç","error":"redis: nil"}
{"level":"error","ts":1747525513.8719852,"caller":"state/state.go:55","msg":"–¢–∞–∫–æ–π –∑–∞–ø–∏—Å–∏ –≤ Redis –Ω–µ —Å—É—â–µ—Å—Ç–≤—É–µ—Ç","error":"redis: nil"}
{"level":"error","ts":1747525513.8708546,"caller":"state/state.go:55","msg":"–¢–∞–∫–æ–π –∑–∞–ø–∏—Å–∏ –≤ Redis –Ω–µ —Å—É—â–µ—Å—Ç–≤—É–µ—Ç","error":"redis: nil"}
{"level":"error","ts":1747525513.8719692,"caller":"state/state.go:55","msg":"–¢–∞–∫–æ–π –∑–∞–ø–∏—Å–∏ –≤ Redis –Ω–µ —Å—É—â–µ—Å—Ç–≤—É–µ—Ç","error":"redis: nil"}
{"level":"error","ts":1747525513.8718512,"caller":"state/state.go:55","msg":"–¢–∞–∫–æ–π –∑–∞–ø–∏—Å–∏ –≤ Redis –Ω–µ —Å—É—â–µ—Å—Ç–≤—É–µ—Ç","error":"redis: nil"}
{"level":"error","ts":1747525513.8714688,"caller":"state/state.go:55","msg":"–¢–∞–∫–æ–π –∑–∞–ø–∏—Å–∏ –≤ Redis –Ω–µ —Å—É—â–µ—Å—Ç–≤—É–µ—Ç","error":"redis: nil"}
{"level":"error","ts":1747525513.8743966,"caller":"state/state.go:55","msg":"–¢–∞–∫–æ–π –∑–∞–ø–∏—Å–∏ –≤ Redis –Ω–µ —Å—É—â–µ—Å—Ç–≤—É–µ—Ç","error":"redis: nil"}
{"level":"error","ts":1747525513.8744748,"caller":"state/state.go:55","msg":"–¢–∞–∫–æ–π –∑–∞–ø–∏—Å–∏ –≤ Redis –Ω–µ —Å—É—â–µ—Å—Ç–≤—É–µ—Ç","error":"redis: nil"}
{"level":"error","ts":1747525513.874509,"caller":"state/state.go:55","msg":"–¢–∞–∫–æ–π –∑–∞–ø–∏—Å–∏ –≤ Redis –Ω–µ —Å—É—â–µ—Å—Ç–≤—É–µ—Ç","error":"redis: nil"}
{"level":"error","ts":1747525513.874563,"caller":"state/state.go:55","msg":"–¢–∞–∫–æ–π –∑–∞–ø–∏—Å–∏ –≤ Redis –Ω–µ —Å—É—â–µ—Å—Ç–≤—É–µ—Ç","error":"redis: nil"}
{"level":"error","ts":1747525513.8708198,"caller":"state/state.go:55","msg":"–¢–∞–∫–æ–π –∑–∞–ø–∏—Å–∏ –≤ Redis –Ω–µ —Å—É—â–µ—Å—Ç–≤—É–µ—Ç","error":"redis: nil"}
{"level":"error","ts":1747525513.874637,"caller":"state/state.go:55","msg":"–¢–∞–∫–æ–π –∑–∞–ø–∏—Å–∏ –≤ Redis –Ω–µ —Å—É—â–µ—Å—Ç–≤—É–µ—Ç","error":"redis: nil"}
{"level":"error","ts":1747525513.8708346,"caller":"state/state.go:55","msg":"–¢–∞–∫–æ–π –∑–∞–ø–∏—Å–∏ –≤ Redis –Ω–µ —Å—É—â–µ—Å—Ç–≤—É–µ—Ç","error":"redis: nil"}
{"level":"error","ts":1747525513.874707,"caller":"state/state.go:55","msg":"–¢–∞–∫–æ–π –∑–∞–ø–∏—Å–∏ –≤ Redis –Ω–µ —Å—É—â–µ—Å—Ç–≤—É–µ—Ç","error":"redis: nil"}
{"level":"error","ts":1747525513.8750763,"caller":"state/state.go:55","msg":"–¢–∞–∫–æ–π –∑–∞–ø–∏—Å–∏ –≤ Redis –Ω–µ —Å—É—â–µ—Å—Ç–≤—É–µ—Ç","error":"redis: nil"}
{"level":"error","ts":1747525513.8752317,"caller":"state/state.go:55","msg":"–¢–∞–∫–æ–π –∑–∞–ø–∏—Å–∏ –≤ Redis –Ω–µ —Å—É—â–µ—Å—Ç–≤—É–µ—Ç","error":"redis: nil"}
{"level":"error","ts":1747525513.8722265,"caller":"state/state.go:55","msg":"–¢–∞–∫–æ–π –∑–∞–ø–∏—Å–∏ –≤ Redis –Ω–µ —Å—É—â–µ—Å—Ç–≤—É–µ—Ç","error":"redis: nil"}
{"level":"error","ts":1747525513.8722396,"caller":"state/state.go:55","msg":"–¢–∞–∫–æ–π –∑–∞–ø–∏—Å–∏ –≤ Redis –Ω–µ —Å—É—â–µ—Å—Ç–≤—É–µ—Ç","error":"redis: nil"}
